<?xml version="1.0" encoding="UTF-8"?>
<!-- Generated by org.testng.reporters.JUnitXMLReporter -->
<testsuite ignored="7" hostname="Vijay-PC" failures="0" tests="1" name="ppem" time="25.712" errors="0" timestamp="01 Apr 2020 10:31:39 GMT">
  <testcase classname="com.para.Testpage" name="ppem" time="4.927"/>
  <testcase classname="com.para.Testpage" name="Login" time="0.0">
    <ignored/>
  </testcase> <!-- Login -->
  <testcase classname="com.para.Testpage" name="register" time="0.0">
    <ignored/>
  </testcase> <!-- register -->
  <testcase classname="com.para.Testpage" name="applyloan" time="0.0">
    <ignored/>
  </testcase> <!-- applyloan -->
  <testcase classname="com.para.Testpage" name="billpaytest" time="0.0">
    <ignored/>
  </testcase> <!-- billpaytest -->
  <testcase classname="com.para.Testpage" name="acccreation" time="0.0">
    <ignored/>
  </testcase> <!-- acccreation -->
  <testcase classname="com.para.Testpage" name="xml" time="0.0">
    <ignored/>
  </testcase> <!-- xml -->
  <testcase classname="com.para.Testpage" name="fundtransfer" time="0.0">
    <ignored/>
  </testcase> <!-- fundtransfer -->
</testsuite> <!-- ppem -->
